# JRE version: OpenJDK Runtime Environment (17.0.1+12) (build 17.0.1+12-39)
# Java VM: OpenJDK 64-Bit Server VM (17.0.1+12-39, mixed mode, sharing, tiered, compressed oops, compressed class ptrs, g1 gc, windows-amd64)
GC Precious Log:
 CPUs: 16 total, 16 available
 Memory: 14197M
 Large Page Support: Disabled
 NUMA Support: Disabled
 Compressed Oops: Enabled (Zero based)
 Heap Region Size: 2M
 Heap Min Capacity: 8M
 Heap Initial Capacity: 222M
 Heap Max Capacity: 3550M
 Pre-touch: Disabled
 Parallel Workers: 13
 Concurrent Workers: 3
 Concurrent Refinement Workers: 13
 Periodic GC: Disabled
Heap:
 garbage-first heap   total 96256K, used 45181K [0x0000000722200000, 0x0000000800000000)
  region size 2048K, 14 young (28672K), 3 survivors (6144K)
 Metaspace       used 61967K, committed 62464K, reserved 1105920K
  class space    used 8390K, committed 8640K, reserved 1048576K
GC Heap History (20 events):
Event: 2.792 GC heap before
{Heap before GC invocations=3 (full 0):
 garbage-first heap   total 227328K, used 21123K [0x0000000722200000, 0x0000000800000000)
  region size 2048K, 9 young (18432K), 3 survivors (6144K)
 Metaspace       used 21271K, committed 21504K, reserved 1073152K
  class space    used 2688K, committed 2816K, reserved 1048576K
}
Event: 2.795 GC heap after
{Heap after GC invocations=4 (full 0):
 garbage-first heap   total 227328K, used 11620K [0x0000000722200000, 0x0000000800000000)
  region size 2048K, 3 young (6144K), 3 survivors (6144K)
 Metaspace       used 21271K, committed 21504K, reserved 1073152K
  class space    used 2688K, committed 2816K, reserved 1048576K
}
Event: 3.376 GC heap before
{Heap before GC invocations=5 (full 0):
 garbage-first heap   total 49152K, used 34148K [0x0000000722200000, 0x0000000800000000)
  region size 2048K, 15 young (30720K), 3 survivors (6144K)
 Metaspace       used 26411K, committed 26752K, reserved 1073152K
  class space    used 3415K, committed 3584K, reserved 1048576K
}
Event: 3.382 GC heap after
{Heap after GC invocations=6 (full 0):
 garbage-first heap   total 49152K, used 14138K [0x0000000722200000, 0x0000000800000000)
  region size 2048K, 4 young (8192K), 4 survivors (8192K)
 Metaspace       used 26411K, committed 26752K, reserved 1073152K
  class space    used 3415K, committed 3584K, reserved 1048576K
}
Event: 3.728 GC heap before
{Heap before GC invocations=6 (full 0):
 garbage-first heap   total 49152K, used 30522K [0x0000000722200000, 0x0000000800000000)
  region size 2048K, 13 young (26624K), 4 survivors (8192K)
 Metaspace       used 31902K, committed 32192K, reserved 1081344K
  class space    used 4048K, committed 4160K, reserved 1048576K
}
Event: 3.734 GC heap after
{Heap after GC invocations=7 (full 0):
 garbage-first heap   total 49152K, used 15589K [0x0000000722200000, 0x0000000800000000)
  region size 2048K, 1 young (2048K), 1 survivors (2048K)
 Metaspace       used 31902K, committed 32192K, reserved 1081344K
  class space    used 4048K, committed 4160K, reserved 1048576K
}
Event: 4.039 GC heap before
{Heap before GC invocations=7 (full 0):
 garbage-first heap   total 49152K, used 27877K [0x0000000722200000, 0x0000000800000000)
  region size 2048K, 8 young (16384K), 1 survivors (2048K)
 Metaspace       used 35663K, committed 35968K, reserved 1081344K
  class space    used 4658K, committed 4800K, reserved 1048576K
}
Event: 4.041 GC heap after
{Heap after GC invocations=8 (full 0):
 garbage-first heap   total 49152K, used 15663K [0x0000000722200000, 0x0000000800000000)
  region size 2048K, 2 young (4096K), 2 survivors (4096K)
 Metaspace       used 35663K, committed 35968K, reserved 1081344K
  class space    used 4658K, committed 4800K, reserved 1048576K
}
Event: 4.544 GC heap before
{Heap before GC invocations=9 (full 0):
 garbage-first heap   total 49152K, used 32047K [0x0000000722200000, 0x0000000800000000)
  region size 2048K, 11 young (22528K), 2 survivors (4096K)
 Metaspace       used 40771K, committed 41088K, reserved 1089536K
  class space    used 5494K, committed 5632K, reserved 1048576K
}
Event: 4.548 GC heap after
{Heap after GC invocations=10 (full 0):
 garbage-first heap   total 49152K, used 16652K [0x0000000722200000, 0x0000000800000000)
  region size 2048K, 2 young (4096K), 2 survivors (4096K)
 Metaspace       used 40771K, committed 41088K, reserved 1089536K
  class space    used 5494K, committed 5632K, reserved 1048576K
}
Event: 4.947 GC heap before
{Heap before GC invocations=10 (full 0):
 garbage-first heap   total 49152K, used 35084K [0x0000000722200000, 0x0000000800000000)
  region size 2048K, 11 young (22528K), 2 survivors (4096K)
 Metaspace       used 45738K, committed 46080K, reserved 1089536K
  class space    used 6290K, committed 6464K, reserved 1048576K
}
Event: 4.950 GC heap after
{Heap after GC invocations=11 (full 0):
 garbage-first heap   total 49152K, used 17745K [0x0000000722200000, 0x0000000800000000)
  region size 2048K, 2 young (4096K), 2 survivors (4096K)
 Metaspace       used 45738K, committed 46080K, reserved 1089536K
  class space    used 6290K, committed 6464K, reserved 1048576K
}
Event: 5.358 GC heap before
{Heap before GC invocations=11 (full 0):
 garbage-first heap   total 49152K, used 34129K [0x0000000722200000, 0x0000000800000000)
  region size 2048K, 10 young (20480K), 2 survivors (4096K)
 Metaspace       used 48247K, committed 48640K, reserved 1097728K
  class space    used 6618K, committed 6784K, reserved 1048576K
}
Event: 5.363 GC heap after
{Heap after GC invocations=12 (full 0):
 garbage-first heap   total 49152K, used 18992K [0x0000000722200000, 0x0000000800000000)
  region size 2048K, 2 young (4096K), 2 survivors (4096K)
 Metaspace       used 48247K, committed 48640K, reserved 1097728K
  class space    used 6618K, committed 6784K, reserved 1048576K
}
Event: 5.769 GC heap before
{Heap before GC invocations=12 (full 0):
 garbage-first heap   total 49152K, used 35376K [0x0000000722200000, 0x0000000800000000)
  region size 2048K, 10 young (20480K), 2 survivors (4096K)
 Metaspace       used 50036K, committed 50432K, reserved 1097728K
  class space    used 6878K, committed 7040K, reserved 1048576K
}
Event: 5.774 GC heap after
{Heap after GC invocations=13 (full 0):
 garbage-first heap   total 139264K, used 20171K [0x0000000722200000, 0x0000000800000000)
  region size 2048K, 2 young (4096K), 2 survivors (4096K)
 Metaspace       used 50036K, committed 50432K, reserved 1097728K
  class space    used 6878K, committed 7040K, reserved 1048576K
}
Event: 16.606 GC heap before
{Heap before GC invocations=13 (full 0):
 garbage-first heap   total 139264K, used 95947K [0x0000000722200000, 0x0000000800000000)
  region size 2048K, 40 young (81920K), 2 survivors (4096K)
 Metaspace       used 58023K, committed 58496K, reserved 1105920K
  class space    used 7895K, committed 8128K, reserved 1048576K
}
Event: 16.614 GC heap after
{Heap after GC invocations=14 (full 0):
 garbage-first heap   total 139264K, used 23987K [0x0000000722200000, 0x0000000800000000)
  region size 2048K, 4 young (8192K), 4 survivors (8192K)
 Metaspace       used 58023K, committed 58496K, reserved 1105920K
  class space    used 7895K, committed 8128K, reserved 1048576K
}
Event: 17.033 GC heap before
{Heap before GC invocations=14 (full 0):
 garbage-first heap   total 139264K, used 34227K [0x0000000722200000, 0x0000000800000000)
  region size 2048K, 11 young (22528K), 4 survivors (8192K)
 Metaspace       used 59641K, committed 60096K, reserved 1105920K
  class space    used 8079K, committed 8320K, reserved 1048576K
}
Event: 17.041 GC heap after
{Heap after GC invocations=15 (full 0):
 garbage-first heap   total 139264K, used 24701K [0x0000000722200000, 0x0000000800000000)
  region size 2048K, 3 young (6144K), 3 survivors (6144K)
 Metaspace       used 59641K, committed 60096K, reserved 1105920K
  class space    used 8079K, committed 8320K, reserved 1048576K
}

