# JRE version: OpenJDK Runtime Environment (17.0.1+12) (build 17.0.1+12-39)
# Java VM: OpenJDK 64-Bit Server VM (17.0.1+12-39, mixed mode, sharing, tiered, compressed oops, compressed class ptrs, g1 gc, windows-amd64)
GC Precious Log:
 CPUs: 16 total, 16 available
 Memory: 14197M
 Large Page Support: Disabled
 NUMA Support: Disabled
 Compressed Oops: Enabled (Zero based)
 Heap Region Size: 2M
 Heap Min Capacity: 8M
 Heap Initial Capacity: 222M
 Heap Max Capacity: 3550M
 Pre-touch: Disabled
 Parallel Workers: 13
 Concurrent Workers: 3
 Concurrent Refinement Workers: 13
 Periodic GC: Disabled
Heap:
 garbage-first heap   total 55296K, used 41346K [0x0000000722200000, 0x0000000800000000)
  region size 2048K, 11 young (22528K), 2 survivors (4096K)
 Metaspace       used 61943K, committed 62464K, reserved 1105920K
  class space    used 8389K, committed 8640K, reserved 1048576K
GC Heap History (20 events):
Event: 4.506 GC heap before
{Heap before GC invocations=7 (full 0):
 garbage-first heap   total 55296K, used 37099K [0x0000000722200000, 0x0000000800000000)
  region size 2048K, 12 young (24576K), 1 survivors (2048K)
 Metaspace       used 34118K, committed 34368K, reserved 1081344K
  class space    used 4357K, committed 4480K, reserved 1048576K
}
Event: 4.508 GC heap after
{Heap after GC invocations=8 (full 0):
 garbage-first heap   total 55296K, used 15556K [0x0000000722200000, 0x0000000800000000)
  region size 2048K, 1 young (2048K), 1 survivors (2048K)
 Metaspace       used 34118K, committed 34368K, reserved 1081344K
  class space    used 4357K, committed 4480K, reserved 1048576K
}
Event: 4.668 GC heap before
{Heap before GC invocations=8 (full 0):
 garbage-first heap   total 55296K, used 19652K [0x0000000722200000, 0x0000000800000000)
  region size 2048K, 4 young (8192K), 1 survivors (2048K)
 Metaspace       used 35653K, committed 35968K, reserved 1081344K
  class space    used 4655K, committed 4800K, reserved 1048576K
}
Event: 4.671 GC heap after
{Heap after GC invocations=9 (full 0):
 garbage-first heap   total 55296K, used 15778K [0x0000000722200000, 0x0000000800000000)
  region size 2048K, 1 young (2048K), 1 survivors (2048K)
 Metaspace       used 35653K, committed 35968K, reserved 1081344K
  class space    used 4655K, committed 4800K, reserved 1048576K
}
Event: 5.376 GC heap before
{Heap before GC invocations=10 (full 0):
 garbage-first heap   total 55296K, used 40354K [0x0000000722200000, 0x0000000800000000)
  region size 2048K, 13 young (26624K), 1 survivors (2048K)
 Metaspace       used 42740K, committed 43072K, reserved 1089536K
  class space    used 5833K, committed 6016K, reserved 1048576K
}
Event: 5.379 GC heap after
{Heap after GC invocations=11 (full 0):
 garbage-first heap   total 55296K, used 17158K [0x0000000722200000, 0x0000000800000000)
  region size 2048K, 2 young (4096K), 2 survivors (4096K)
 Metaspace       used 42740K, committed 43072K, reserved 1089536K
  class space    used 5833K, committed 6016K, reserved 1048576K
}
Event: 6.000 GC heap before
{Heap before GC invocations=11 (full 0):
 garbage-first heap   total 55296K, used 39686K [0x0000000722200000, 0x0000000800000000)
  region size 2048K, 13 young (26624K), 2 survivors (4096K)
 Metaspace       used 47641K, committed 47936K, reserved 1097728K
  class space    used 6509K, committed 6656K, reserved 1048576K
}
Event: 6.004 GC heap after
{Heap after GC invocations=12 (full 0):
 garbage-first heap   total 55296K, used 18745K [0x0000000722200000, 0x0000000800000000)
  region size 2048K, 2 young (4096K), 2 survivors (4096K)
 Metaspace       used 47641K, committed 47936K, reserved 1097728K
  class space    used 6509K, committed 6656K, reserved 1048576K
}
Event: 6.496 GC heap before
{Heap before GC invocations=12 (full 0):
 garbage-first heap   total 55296K, used 41273K [0x0000000722200000, 0x0000000800000000)
  region size 2048K, 13 young (26624K), 2 survivors (4096K)
 Metaspace       used 50034K, committed 50432K, reserved 1097728K
  class space    used 6877K, committed 7040K, reserved 1048576K
}
Event: 6.501 GC heap after
{Heap after GC invocations=13 (full 0):
 garbage-first heap   total 55296K, used 20213K [0x0000000722200000, 0x0000000800000000)
  region size 2048K, 2 young (4096K), 2 survivors (4096K)
 Metaspace       used 50034K, committed 50432K, reserved 1097728K
  class space    used 6877K, committed 7040K, reserved 1048576K
}
Event: 7.301 GC heap before
{Heap before GC invocations=13 (full 0):
 garbage-first heap   total 55296K, used 40693K [0x0000000722200000, 0x0000000800000000)
  region size 2048K, 12 young (24576K), 2 survivors (4096K)
 Metaspace       used 53411K, committed 53760K, reserved 1097728K
  class space    used 7326K, committed 7488K, reserved 1048576K
}
Event: 7.305 GC heap after
{Heap after GC invocations=14 (full 0):
 garbage-first heap   total 55296K, used 22433K [0x0000000722200000, 0x0000000800000000)
  region size 2048K, 2 young (4096K), 2 survivors (4096K)
 Metaspace       used 53411K, committed 53760K, reserved 1097728K
  class space    used 7326K, committed 7488K, reserved 1048576K
}
Event: 12.694 GC heap before
{Heap before GC invocations=14 (full 0):
 garbage-first heap   total 55296K, used 40865K [0x0000000722200000, 0x0000000800000000)
  region size 2048K, 11 young (22528K), 2 survivors (4096K)
 Metaspace       used 57695K, committed 58112K, reserved 1105920K
  class space    used 7851K, committed 8064K, reserved 1048576K
}
Event: 12.701 GC heap after
{Heap after GC invocations=15 (full 0):
 garbage-first heap   total 55296K, used 24314K [0x0000000722200000, 0x0000000800000000)
  region size 2048K, 2 young (4096K), 2 survivors (4096K)
 Metaspace       used 57695K, committed 58112K, reserved 1105920K
  class space    used 7851K, committed 8064K, reserved 1048576K
}
Event: 12.926 GC heap before
{Heap before GC invocations=15 (full 0):
 garbage-first heap   total 55296K, used 40698K [0x0000000722200000, 0x0000000800000000)
  region size 2048K, 11 young (22528K), 2 survivors (4096K)
 Metaspace       used 58115K, committed 58560K, reserved 1105920K
  class space    used 7895K, committed 8128K, reserved 1048576K
}
Event: 12.931 GC heap after
{Heap after GC invocations=16 (full 0):
 garbage-first heap   total 55296K, used 24684K [0x0000000722200000, 0x0000000800000000)
  region size 2048K, 2 young (4096K), 2 survivors (4096K)
 Metaspace       used 58115K, committed 58560K, reserved 1105920K
  class space    used 7895K, committed 8128K, reserved 1048576K
}
Event: 12.935 GC heap before
{Heap before GC invocations=16 (full 0):
 garbage-first heap   total 55296K, used 39020K [0x0000000722200000, 0x0000000800000000)
  region size 2048K, 10 young (20480K), 2 survivors (4096K)
 Metaspace       used 58115K, committed 58560K, reserved 1105920K
  class space    used 7895K, committed 8128K, reserved 1048576K
}
Event: 12.938 GC heap after
{Heap after GC invocations=17 (full 0):
 garbage-first heap   total 55296K, used 24441K [0x0000000722200000, 0x0000000800000000)
  region size 2048K, 2 young (4096K), 2 survivors (4096K)
 Metaspace       used 58115K, committed 58560K, reserved 1105920K
  class space    used 7895K, committed 8128K, reserved 1048576K
}
Event: 13.345 GC heap before
{Heap before GC invocations=17 (full 0):
 garbage-first heap   total 55296K, used 34681K [0x0000000722200000, 0x0000000800000000)
  region size 2048K, 9 young (18432K), 2 survivors (4096K)
 Metaspace       used 59646K, committed 60096K, reserved 1105920K
  class space    used 8073K, committed 8320K, reserved 1048576K
}
Event: 13.349 GC heap after
{Heap after GC invocations=18 (full 0):
 garbage-first heap   total 55296K, used 24962K [0x0000000722200000, 0x0000000800000000)
  region size 2048K, 2 young (4096K), 2 survivors (4096K)
 Metaspace       used 59646K, committed 60096K, reserved 1105920K
  class space    used 8073K, committed 8320K, reserved 1048576K
}

